[ 2015-09-29T00:18:47+08:00 ] 127.0.0.1 /pay/index.php/Home/Recharge/index?userid=1
INFO: [ app_init ] --START--
INFO: Run Behavior\BuildLiteBehavior [ RunTime:0.000000s ]
INFO: [ app_init ] --END-- [ RunTime:0.000000s ]
INFO: [ app_begin ] --START--
INFO: Run Behavior\ReadHtmlCacheBehavior [ RunTime:0.000000s ]
INFO: [ app_begin ] --END-- [ RunTime:0.000000s ]
NOTIC: [2048] Declaration of Home\Controller\RechargeController::redirect() should be compatible with Think\Controller::redirect($url, $params = Array, $delay = 0, $msg = '') F:\xm\www\pay\Application\Home\Controller\RechargeController.class.php 第 282 行.
SQL: SHOW COLUMNS FROM `tbl_user` [ RunTime:0.0040s ]
SQL: SELECT * FROM `tbl_user` WHERE ( userid="1" ) LIMIT 1   [ RunTime:0.0000s ]
SQL: SHOW COLUMNS FROM `tbl_company` [ RunTime:0.0050s ]
SQL: SELECT * FROM `tbl_company` LIMIT 1   [ RunTime:0.0000s ]
INFO: [ view_parse ] --START--
INFO: [ template_filter ] --START--
INFO: Run Behavior\ContentReplaceBehavior [ RunTime:0.000000s ]
INFO: [ template_filter ] --END-- [ RunTime:0.000000s ]
INFO: Run Behavior\ParseTemplateBehavior [ RunTime:0.007001s ]
INFO: [ view_parse ] --END-- [ RunTime:0.007001s ]
INFO: [ view_filter ] --START--
INFO: Run Behavior\WriteHtmlCacheBehavior [ RunTime:0.000000s ]
INFO: [ view_filter ] --END-- [ RunTime:0.000000s ]
INFO: [ app_end ] --START--
INFO: Run Behavior\ShowPageTraceBehavior [ RunTime:0.001000s ]
INFO: [ app_end ] --END-- [ RunTime:0.001000s ]

[ 2015-09-29T00:19:15+08:00 ] 127.0.0.1 /pay/index.php/Home/Recharge/redirect?userid=1&password=Wxt130506&repassword=Wxt130506&currenttype=RMB&gatewaytype=01&comments=&amount=102.02
INFO: [ app_init ] --START--
INFO: Run Behavior\BuildLiteBehavior [ RunTime:0.000000s ]
INFO: [ app_init ] --END-- [ RunTime:0.000000s ]
INFO: [ app_begin ] --START--
INFO: Run Behavior\ReadHtmlCacheBehavior [ RunTime:0.001000s ]
INFO: [ app_begin ] --END-- [ RunTime:0.001000s ]
NOTIC: [2048] Declaration of Home\Controller\RechargeController::redirect() should be compatible with Think\Controller::redirect($url, $params = Array, $delay = 0, $msg = '') F:\xm\www\pay\Application\Home\Controller\RechargeController.class.php 第 282 行.
SQL: SHOW COLUMNS FROM `tbl_company` [ RunTime:0.0040s ]
SQL: SELECT * FROM `tbl_company` LIMIT 1   [ RunTime:0.0000s ]
SQL: SHOW COLUMNS FROM `tbl_user` [ RunTime:0.0040s ]
SQL: SELECT * FROM `tbl_user` WHERE ( userid="1" ) LIMIT 1   [ RunTime:0.0000s ]
SQL: SHOW COLUMNS FROM `tbl_recharge` [ RunTime:0.0030s ]
SQL: INSERT INTO `tbl_recharge` (`rechargeid`,`userid`,`rechargedate`,`rechargetype`,`currency`,`amount`,`status`) VALUES ('20150929001915590239','1','20150929','01','RMB','102.02','recharging') [ RunTime:0.0440s ]
INFO: [ view_parse ] --START--
INFO: [ template_filter ] --START--
INFO: Run Behavior\ContentReplaceBehavior [ RunTime:0.000000s ]
INFO: [ template_filter ] --END-- [ RunTime:0.000000s ]
INFO: Run Behavior\ParseTemplateBehavior [ RunTime:0.025001s ]
INFO: [ view_parse ] --END-- [ RunTime:0.025001s ]
INFO: [ view_filter ] --START--
INFO: Run Behavior\WriteHtmlCacheBehavior [ RunTime:0.000000s ]
INFO: [ view_filter ] --END-- [ RunTime:0.000000s ]
INFO: [ app_end ] --START--
INFO: Run Behavior\ShowPageTraceBehavior [ RunTime:0.001000s ]
INFO: [ app_end ] --END-- [ RunTime:0.001000s ]

[ 2015-09-29T00:19:32+08:00 ] 127.0.0.1 /pay/index.php/Home/Recharge/redirect_callback?billno=20150929001915590239&mercode=000015&amount=102.02&date=20150929&succ=Y&msg=sucess&ipsbillno=NT2015092972227435&retencodetype=17&attach=abcd&Currency_type=RMB&signature=32520605163bd3a8074c5f86da2a1eca&ipsbanktime=20150929000537&bankbillno=301100248130
ERR: The recharge succeed.
[ 2015-09-29T00:19:32+08:00 ] 127.0.0.1 /pay/index.php/Home/Recharge/redirect_callback?billno=20150929001915590239&mercode=000015&amount=102.02&date=20150929&succ=Y&msg=sucess&ipsbillno=NT2015092972227435&retencodetype=17&attach=abcd&Currency_type=RMB&signature=32520605163bd3a8074c5f86da2a1eca&ipsbanktime=20150929000537&bankbillno=301100248130
INFO: [ app_init ] --START--
INFO: Run Behavior\BuildLiteBehavior [ RunTime:0.000000s ]
INFO: [ app_init ] --END-- [ RunTime:0.000000s ]
INFO: [ app_begin ] --START--
INFO: Run Behavior\ReadHtmlCacheBehavior [ RunTime:0.000000s ]
INFO: [ app_begin ] --END-- [ RunTime:0.001001s ]
NOTIC: [2048] Declaration of Home\Controller\RechargeController::redirect() should be compatible with Think\Controller::redirect($url, $params = Array, $delay = 0, $msg = '') F:\xm\www\pay\Application\Home\Controller\RechargeController.class.php 第 282 行.
SQL: SHOW COLUMNS FROM `tbl_company` [ RunTime:0.0040s ]
SQL: SELECT * FROM `tbl_company` LIMIT 1   [ RunTime:0.0000s ]
SQL: SHOW COLUMNS FROM `tbl_recharge` [ RunTime:0.0040s ]
SQL: SELECT * FROM `tbl_recharge` WHERE ( rechargeid=20150929001915590239 ) LIMIT 1   [ RunTime:0.0100s ]
SQL: SHOW COLUMNS FROM `tbl_user` [ RunTime:0.0040s ]
SQL: SELECT * FROM `tbl_user` WHERE ( userid="1" ) LIMIT 1   [ RunTime:0.0010s ]
NOTIC: [2] Illegal offset type in isset or empty F:\xm\www\pay\ThinkPHP\Library\Think\Model.class.php 第 1007 行.
NOTIC: [2] Illegal offset type in isset or empty F:\xm\www\pay\ThinkPHP\Library\Think\Model.class.php 第 445 行.
SQL: UPDATE `tbl_user` SET `autouserid`='30',`userid`='1',`username`=NULL,`email`='875161027@qq.com',`petname`='hzc1',`password`='Wxt130506',`sex`=NULL,`birthday`=NULL,`country`=NULL,`address`=NULL,`postcode`=NULL,`phonenum`=NULL,`mobilenum`='',`identitynum`=NULL,`ischeck`='1',`levenum`='200',`balance`='1202.04',`authnum`='83zh',`reemail`=NULL,`reemailchecksum`=NULL,`rephone`=NULL,`rephonechecksum`=NULL,`repasswordchecksum`=NULL WHERE ( autouserid=30 ) [ RunTime:0.0490s ]
SQL: UPDATE `tbl_recharge` SET `status`='succeed' WHERE ( rechargeid=20150929001915590239 ) [ RunTime:0.0300s ]

[ 2015-09-29T00:19:32+08:00 ] 127.0.0.1 /pay/index.php/Home/Recharge/redirect_callback?billno=20150929001915590239&mercode=000015&amount=102.02&date=20150929&succ=Y&msg=sucess&ipsbillno=NT2015092972227435&retencodetype=17&attach=abcd&Currency_type=RMB&signature=32520605163bd3a8074c5f86da2a1eca&ipsbanktime=20150929000537&bankbillno=301100248130
INFO: [ view_parse ] --START--
INFO: [ template_filter ] --START--
INFO: Run Behavior\ContentReplaceBehavior [ RunTime:0.000000s ]
INFO: [ template_filter ] --END-- [ RunTime:0.001000s ]
INFO: Run Behavior\ParseTemplateBehavior [ RunTime:0.018001s ]
INFO: [ view_parse ] --END-- [ RunTime:0.018001s ]
INFO: [ view_filter ] --START--
INFO: Run Behavior\WriteHtmlCacheBehavior [ RunTime:0.001001s ]
INFO: [ view_filter ] --END-- [ RunTime:0.001001s ]
INFO: [ app_end ] --START--
INFO: Run Behavior\ShowPageTraceBehavior [ RunTime:0.002000s ]
INFO: [ app_end ] --END-- [ RunTime:0.002000s ]

[ 2015-09-29T00:19:39+08:00 ] 127.0.0.1 /pay/index.php/Home/Recharge/HistRecharge?userid=1
INFO: [ app_init ] --START--
INFO: Run Behavior\BuildLiteBehavior [ RunTime:0.000000s ]
INFO: [ app_init ] --END-- [ RunTime:0.000000s ]
INFO: [ app_begin ] --START--
INFO: Run Behavior\ReadHtmlCacheBehavior [ RunTime:0.001000s ]
INFO: [ app_begin ] --END-- [ RunTime:0.001000s ]
NOTIC: [2048] Declaration of Home\Controller\RechargeController::redirect() should be compatible with Think\Controller::redirect($url, $params = Array, $delay = 0, $msg = '') F:\xm\www\pay\Application\Home\Controller\RechargeController.class.php 第 282 行.
INFO: [ view_parse ] --START--
INFO: [ template_filter ] --START--
INFO: Run Behavior\ContentReplaceBehavior [ RunTime:0.001000s ]
INFO: [ template_filter ] --END-- [ RunTime:0.001000s ]
INFO: Run Behavior\ParseTemplateBehavior [ RunTime:0.008001s ]
INFO: [ view_parse ] --END-- [ RunTime:0.008001s ]
INFO: [ view_filter ] --START--
INFO: Run Behavior\WriteHtmlCacheBehavior [ RunTime:0.000000s ]
INFO: [ view_filter ] --END-- [ RunTime:0.000000s ]
INFO: [ app_end ] --START--
INFO: Run Behavior\ShowPageTraceBehavior [ RunTime:0.000000s ]
INFO: [ app_end ] --END-- [ RunTime:0.000000s ]

[ 2015-09-29T00:19:40+08:00 ] 127.0.0.1 /pay/index.php/Home/Recharge/gethistRecharge?userid=1
INFO: rows:10 page:1 userid=1
[ 2015-09-29T00:19:40+08:00 ] 127.0.0.1 /pay/index.php/Home/Recharge/gethistRecharge?userid=1
INFO: [ app_init ] --START--
INFO: Run Behavior\BuildLiteBehavior [ RunTime:0.000000s ]
INFO: [ app_init ] --END-- [ RunTime:0.000000s ]
INFO: [ app_begin ] --START--
INFO: Run Behavior\ReadHtmlCacheBehavior [ RunTime:0.001000s ]
INFO: [ app_begin ] --END-- [ RunTime:0.001000s ]
NOTIC: [2048] Declaration of Home\Controller\RechargeController::redirect() should be compatible with Think\Controller::redirect($url, $params = Array, $delay = 0, $msg = '') F:\xm\www\pay\Application\Home\Controller\RechargeController.class.php 第 282 行.

[ 2015-09-29T00:19:40+08:00 ] 127.0.0.1 /pay/index.php/Home/Recharge/gethistRecharge?userid=1
SQL: SHOW COLUMNS FROM `tbl_recharge` [ RunTime:0.0030s ]
SQL: SELECT COUNT(*) AS tp_count FROM `tbl_recharge` WHERE ( userid=1 ) LIMIT 1   [ RunTime:0.0000s ]
SQL: SELECT * FROM `tbl_recharge` WHERE ( userid=1 ) LIMIT 0,1   [ RunTime:0.0000s ]

[ 2015-09-29T00:19:49+08:00 ] 127.0.0.1 /pay/index.php/Home/Recharge/index?userid=1
INFO: [ app_init ] --START--
INFO: Run Behavior\BuildLiteBehavior [ RunTime:0.000000s ]
INFO: [ app_init ] --END-- [ RunTime:0.000000s ]
INFO: [ app_begin ] --START--
INFO: Run Behavior\ReadHtmlCacheBehavior [ RunTime:0.000000s ]
INFO: [ app_begin ] --END-- [ RunTime:0.000000s ]
NOTIC: [2048] Declaration of Home\Controller\RechargeController::redirect() should be compatible with Think\Controller::redirect($url, $params = Array, $delay = 0, $msg = '') F:\xm\www\pay\Application\Home\Controller\RechargeController.class.php 第 282 行.
SQL: SHOW COLUMNS FROM `tbl_user` [ RunTime:0.0030s ]
SQL: SELECT * FROM `tbl_user` WHERE ( userid="1" ) LIMIT 1   [ RunTime:0.0000s ]
SQL: SHOW COLUMNS FROM `tbl_company` [ RunTime:0.0030s ]
SQL: SELECT * FROM `tbl_company` LIMIT 1   [ RunTime:0.0000s ]
INFO: [ view_parse ] --START--
INFO: [ template_filter ] --START--
INFO: Run Behavior\ContentReplaceBehavior [ RunTime:0.000000s ]
INFO: [ template_filter ] --END-- [ RunTime:0.000000s ]
INFO: Run Behavior\ParseTemplateBehavior [ RunTime:0.005001s ]
INFO: [ view_parse ] --END-- [ RunTime:0.005001s ]
INFO: [ view_filter ] --START--
INFO: Run Behavior\WriteHtmlCacheBehavior [ RunTime:0.001000s ]
INFO: [ view_filter ] --END-- [ RunTime:0.001000s ]
INFO: [ app_end ] --START--
INFO: Run Behavior\ShowPageTraceBehavior [ RunTime:0.000000s ]
INFO: [ app_end ] --END-- [ RunTime:0.000000s ]

[ 2015-09-29T00:19:51+08:00 ] 127.0.0.1 /pay/index.php/Home/Index/index?userid=1
INFO: userId:1
[ 2015-09-29T00:19:51+08:00 ] 127.0.0.1 /pay/index.php/Home/Index/index?userid=1
INFO: [ app_init ] --START--
INFO: Run Behavior\BuildLiteBehavior [ RunTime:0.000000s ]
INFO: [ app_init ] --END-- [ RunTime:0.000000s ]
INFO: [ app_begin ] --START--
INFO: Run Behavior\ReadHtmlCacheBehavior [ RunTime:0.000000s ]
INFO: [ app_begin ] --END-- [ RunTime:0.000000s ]

[ 2015-09-29T00:19:51+08:00 ] 127.0.0.1 /pay/index.php/Home/Index/index?userid=1
SQL: SHOW COLUMNS FROM `tbl_user` [ RunTime:0.0050s ]
SQL: SELECT * FROM `tbl_user` WHERE ( userid="1" ) LIMIT 1   [ RunTime:0.0000s ]
INFO: [ view_parse ] --START--
INFO: [ template_filter ] --START--
INFO: Run Behavior\ContentReplaceBehavior [ RunTime:0.000000s ]
INFO: [ template_filter ] --END-- [ RunTime:0.000000s ]
INFO: Run Behavior\ParseTemplateBehavior [ RunTime:0.005000s ]
INFO: [ view_parse ] --END-- [ RunTime:0.005000s ]
INFO: [ view_filter ] --START--
INFO: Run Behavior\WriteHtmlCacheBehavior [ RunTime:0.001000s ]
INFO: [ view_filter ] --END-- [ RunTime:0.001000s ]
INFO: [ app_end ] --START--
INFO: Run Behavior\ShowPageTraceBehavior [ RunTime:0.000000s ]
INFO: [ app_end ] --END-- [ RunTime:0.000000s ]

[ 2015-09-29T00:19:58+08:00 ] 127.0.0.1 /pay/index.php/Home/Recharge/HistRecharge?userid=1
INFO: [ app_init ] --START--
INFO: Run Behavior\BuildLiteBehavior [ RunTime:0.000000s ]
INFO: [ app_init ] --END-- [ RunTime:0.000000s ]
INFO: [ app_begin ] --START--
INFO: Run Behavior\ReadHtmlCacheBehavior [ RunTime:0.000000s ]
INFO: [ app_begin ] --END-- [ RunTime:0.000000s ]
NOTIC: [2048] Declaration of Home\Controller\RechargeController::redirect() should be compatible with Think\Controller::redirect($url, $params = Array, $delay = 0, $msg = '') F:\xm\www\pay\Application\Home\Controller\RechargeController.class.php 第 282 行.
INFO: [ view_parse ] --START--
INFO: [ template_filter ] --START--
INFO: Run Behavior\ContentReplaceBehavior [ RunTime:0.000000s ]
INFO: [ template_filter ] --END-- [ RunTime:0.000000s ]
INFO: Run Behavior\ParseTemplateBehavior [ RunTime:0.005000s ]
INFO: [ view_parse ] --END-- [ RunTime:0.005000s ]
INFO: [ view_filter ] --START--
INFO: Run Behavior\WriteHtmlCacheBehavior [ RunTime:0.000000s ]
INFO: [ view_filter ] --END-- [ RunTime:0.000000s ]
INFO: [ app_end ] --START--
INFO: Run Behavior\ShowPageTraceBehavior [ RunTime:0.000000s ]
INFO: [ app_end ] --END-- [ RunTime:0.000000s ]

[ 2015-09-29T00:19:59+08:00 ] 127.0.0.1 /pay/index.php/Home/Recharge/gethistRecharge?userid=1
INFO: rows:10 page:1 userid=1
[ 2015-09-29T00:19:59+08:00 ] 127.0.0.1 /pay/index.php/Home/Recharge/gethistRecharge?userid=1
INFO: [ app_init ] --START--
INFO: Run Behavior\BuildLiteBehavior [ RunTime:0.000000s ]
INFO: [ app_init ] --END-- [ RunTime:0.000000s ]
INFO: [ app_begin ] --START--
INFO: Run Behavior\ReadHtmlCacheBehavior [ RunTime:0.000000s ]
INFO: [ app_begin ] --END-- [ RunTime:0.000000s ]
NOTIC: [2048] Declaration of Home\Controller\RechargeController::redirect() should be compatible with Think\Controller::redirect($url, $params = Array, $delay = 0, $msg = '') F:\xm\www\pay\Application\Home\Controller\RechargeController.class.php 第 282 行.

[ 2015-09-29T00:19:59+08:00 ] 127.0.0.1 /pay/index.php/Home/Recharge/gethistRecharge?userid=1
SQL: SHOW COLUMNS FROM `tbl_recharge` [ RunTime:0.0030s ]
SQL: SELECT COUNT(*) AS tp_count FROM `tbl_recharge` WHERE ( userid=1 ) LIMIT 1   [ RunTime:0.0000s ]
SQL: SELECT * FROM `tbl_recharge` WHERE ( userid=1 ) LIMIT 0,1   [ RunTime:0.0000s ]

[ 2015-09-29T00:20:42+08:00 ] 127.0.0.1 /pay/index.php/Home/Recharge/index?userid=1
INFO: [ app_init ] --START--
INFO: Run Behavior\BuildLiteBehavior [ RunTime:0.000000s ]
INFO: [ app_init ] --END-- [ RunTime:0.000000s ]
INFO: [ app_begin ] --START--
INFO: Run Behavior\ReadHtmlCacheBehavior [ RunTime:0.001000s ]
INFO: [ app_begin ] --END-- [ RunTime:0.001000s ]
NOTIC: [2048] Declaration of Home\Controller\RechargeController::redirect() should be compatible with Think\Controller::redirect($url, $params = Array, $delay = 0, $msg = '') F:\xm\www\pay\Application\Home\Controller\RechargeController.class.php 第 282 行.
SQL: SHOW COLUMNS FROM `tbl_user` [ RunTime:0.0030s ]
SQL: SELECT * FROM `tbl_user` WHERE ( userid="1" ) LIMIT 1   [ RunTime:0.0010s ]
SQL: SHOW COLUMNS FROM `tbl_company` [ RunTime:0.0030s ]
SQL: SELECT * FROM `tbl_company` LIMIT 1   [ RunTime:0.0000s ]
INFO: [ view_parse ] --START--
INFO: [ template_filter ] --START--
INFO: Run Behavior\ContentReplaceBehavior [ RunTime:0.000000s ]
INFO: [ template_filter ] --END-- [ RunTime:0.001000s ]
INFO: Run Behavior\ParseTemplateBehavior [ RunTime:0.006000s ]
INFO: [ view_parse ] --END-- [ RunTime:0.006000s ]
INFO: [ view_filter ] --START--
INFO: Run Behavior\WriteHtmlCacheBehavior [ RunTime:0.000000s ]
INFO: [ view_filter ] --END-- [ RunTime:0.000000s ]
INFO: [ app_end ] --START--
INFO: Run Behavior\ShowPageTraceBehavior [ RunTime:0.000000s ]
INFO: [ app_end ] --END-- [ RunTime:0.000000s ]

[ 2015-09-29T00:20:44+08:00 ] 127.0.0.1 /pay/index.php/Home/Index/index?userid=1
INFO: userId:1
[ 2015-09-29T00:20:44+08:00 ] 127.0.0.1 /pay/index.php/Home/Index/index?userid=1
INFO: [ app_init ] --START--
INFO: Run Behavior\BuildLiteBehavior [ RunTime:0.000000s ]
INFO: [ app_init ] --END-- [ RunTime:0.000000s ]
INFO: [ app_begin ] --START--
INFO: Run Behavior\ReadHtmlCacheBehavior [ RunTime:0.000000s ]
INFO: [ app_begin ] --END-- [ RunTime:0.000000s ]

[ 2015-09-29T00:20:44+08:00 ] 127.0.0.1 /pay/index.php/Home/Index/index?userid=1
SQL: SHOW COLUMNS FROM `tbl_user` [ RunTime:0.0040s ]
SQL: SELECT * FROM `tbl_user` WHERE ( userid="1" ) LIMIT 1   [ RunTime:0.0000s ]
INFO: [ view_parse ] --START--
INFO: [ template_filter ] --START--
INFO: Run Behavior\ContentReplaceBehavior [ RunTime:0.000000s ]
INFO: [ template_filter ] --END-- [ RunTime:0.000000s ]
INFO: Run Behavior\ParseTemplateBehavior [ RunTime:0.006001s ]
INFO: [ view_parse ] --END-- [ RunTime:0.006001s ]
INFO: [ view_filter ] --START--
INFO: Run Behavior\WriteHtmlCacheBehavior [ RunTime:0.000000s ]
INFO: [ view_filter ] --END-- [ RunTime:0.000000s ]
INFO: [ app_end ] --START--
INFO: Run Behavior\ShowPageTraceBehavior [ RunTime:0.001000s ]
INFO: [ app_end ] --END-- [ RunTime:0.001000s ]

[ 2015-09-29T00:20:50+08:00 ] 127.0.0.1 /pay/index.php/Home/Recharge/HistRecharge?userid=1
INFO: [ app_init ] --START--
INFO: Run Behavior\BuildLiteBehavior [ RunTime:0.000000s ]
INFO: [ app_init ] --END-- [ RunTime:0.000000s ]
INFO: [ app_begin ] --START--
INFO: Run Behavior\ReadHtmlCacheBehavior [ RunTime:0.000000s ]
INFO: [ app_begin ] --END-- [ RunTime:0.000000s ]
NOTIC: [2048] Declaration of Home\Controller\RechargeController::redirect() should be compatible with Think\Controller::redirect($url, $params = Array, $delay = 0, $msg = '') F:\xm\www\pay\Application\Home\Controller\RechargeController.class.php 第 282 行.
INFO: [ view_parse ] --START--
INFO: [ template_filter ] --START--
INFO: Run Behavior\ContentReplaceBehavior [ RunTime:0.000000s ]
INFO: [ template_filter ] --END-- [ RunTime:0.000000s ]
INFO: Run Behavior\ParseTemplateBehavior [ RunTime:0.008000s ]
INFO: [ view_parse ] --END-- [ RunTime:0.008000s ]
INFO: [ view_filter ] --START--
INFO: Run Behavior\WriteHtmlCacheBehavior [ RunTime:0.000000s ]
INFO: [ view_filter ] --END-- [ RunTime:0.000000s ]
INFO: [ app_end ] --START--
INFO: Run Behavior\ShowPageTraceBehavior [ RunTime:0.001000s ]
INFO: [ app_end ] --END-- [ RunTime:0.001000s ]

[ 2015-09-29T00:20:51+08:00 ] 127.0.0.1 /pay/index.php/Home/Recharge/gethistRecharge?userid=1
INFO: rows:10 page:1 userid=1
[ 2015-09-29T00:20:51+08:00 ] 127.0.0.1 /pay/index.php/Home/Recharge/gethistRecharge?userid=1
INFO: [ app_init ] --START--
INFO: Run Behavior\BuildLiteBehavior [ RunTime:0.000000s ]
INFO: [ app_init ] --END-- [ RunTime:0.000000s ]
INFO: [ app_begin ] --START--
INFO: Run Behavior\ReadHtmlCacheBehavior [ RunTime:0.000000s ]
INFO: [ app_begin ] --END-- [ RunTime:0.000000s ]
NOTIC: [2048] Declaration of Home\Controller\RechargeController::redirect() should be compatible with Think\Controller::redirect($url, $params = Array, $delay = 0, $msg = '') F:\xm\www\pay\Application\Home\Controller\RechargeController.class.php 第 282 行.

[ 2015-09-29T00:20:51+08:00 ] 127.0.0.1 /pay/index.php/Home/Recharge/gethistRecharge?userid=1
SQL: SHOW COLUMNS FROM `tbl_recharge` [ RunTime:0.0080s ]
SQL: SELECT COUNT(*) AS tp_count FROM `tbl_recharge` WHERE ( userid=1 ) LIMIT 1   [ RunTime:0.0010s ]
SQL: SELECT * FROM `tbl_recharge` WHERE ( userid=1 ) LIMIT 0,1   [ RunTime:0.0000s ]

[ 2015-09-29T00:25:56+08:00 ] 127.0.0.1 /pay/index.php/Home/Recharge/HistRecharge?userid=1
INFO: [ app_init ] --START--
INFO: Run Behavior\BuildLiteBehavior [ RunTime:0.000000s ]
INFO: [ app_init ] --END-- [ RunTime:0.000000s ]
INFO: [ app_begin ] --START--
INFO: Run Behavior\ReadHtmlCacheBehavior [ RunTime:0.000000s ]
INFO: [ app_begin ] --END-- [ RunTime:0.000000s ]
NOTIC: [2048] Declaration of Home\Controller\RechargeController::redirect() should be compatible with Think\Controller::redirect($url, $params = Array, $delay = 0, $msg = '') F:\xm\www\pay\Application\Home\Controller\RechargeController.class.php 第 282 行.
INFO: [ view_parse ] --START--
INFO: [ template_filter ] --START--
INFO: Run Behavior\ContentReplaceBehavior [ RunTime:0.000000s ]
INFO: [ template_filter ] --END-- [ RunTime:0.000000s ]
INFO: Run Behavior\ParseTemplateBehavior [ RunTime:0.018601s ]
INFO: [ view_parse ] --END-- [ RunTime:0.019601s ]
INFO: [ view_filter ] --START--
INFO: Run Behavior\WriteHtmlCacheBehavior [ RunTime:0.000000s ]
INFO: [ view_filter ] --END-- [ RunTime:0.000000s ]
INFO: [ app_end ] --START--
INFO: Run Behavior\ShowPageTraceBehavior [ RunTime:0.000000s ]
INFO: [ app_end ] --END-- [ RunTime:0.000000s ]

[ 2015-09-29T00:26:20+08:00 ] 127.0.0.1 /pay/index.php/Home/Recharge/gethistRecharge?userid=1
INFO: rows:10 page:1 userid=1
[ 2015-09-29T00:26:20+08:00 ] 127.0.0.1 /pay/index.php/Home/Recharge/gethistRecharge?userid=1
INFO: [ app_init ] --START--
INFO: Run Behavior\BuildLiteBehavior [ RunTime:0.000000s ]
INFO: [ app_init ] --END-- [ RunTime:0.000000s ]
INFO: [ app_begin ] --START--
INFO: Run Behavior\ReadHtmlCacheBehavior [ RunTime:0.000000s ]
INFO: [ app_begin ] --END-- [ RunTime:0.000000s ]
NOTIC: [2048] Declaration of Home\Controller\RechargeController::redirect() should be compatible with Think\Controller::redirect($url, $params = Array, $delay = 0, $msg = '') F:\xm\www\pay\Application\Home\Controller\RechargeController.class.php 第 282 行.

[ 2015-09-29T00:26:20+08:00 ] 127.0.0.1 /pay/index.php/Home/Recharge/gethistRecharge?userid=1
SQL: SHOW COLUMNS FROM `tbl_recharge` [ RunTime:0.0040s ]
SQL: SELECT COUNT(*) AS tp_count FROM `tbl_recharge` WHERE ( userid=1 ) LIMIT 1   [ RunTime:0.0010s ]
SQL: SELECT * FROM `tbl_recharge` WHERE ( userid=1 ) LIMIT 0,1   [ RunTime:0.0000s ]

[ 2015-09-29T00:32:11+08:00 ] 127.0.0.1 /pay/index.php/Home/Recharge/HistRecharge?userid=1
INFO: [ app_init ] --START--
INFO: Run Behavior\BuildLiteBehavior [ RunTime:0.000000s ]
INFO: [ app_init ] --END-- [ RunTime:0.000000s ]
INFO: [ app_begin ] --START--
INFO: Run Behavior\ReadHtmlCacheBehavior [ RunTime:0.000000s ]
INFO: [ app_begin ] --END-- [ RunTime:0.000000s ]
NOTIC: [2048] Declaration of Home\Controller\RechargeController::redirect() should be compatible with Think\Controller::redirect($url, $params = Array, $delay = 0, $msg = '') F:\xm\www\pay\Application\Home\Controller\RechargeController.class.php 第 282 行.
INFO: [ view_parse ] --START--
INFO: [ template_filter ] --START--
INFO: Run Behavior\ContentReplaceBehavior [ RunTime:0.000000s ]
INFO: [ template_filter ] --END-- [ RunTime:0.000000s ]
INFO: Run Behavior\ParseTemplateBehavior [ RunTime:0.015600s ]
INFO: [ view_parse ] --END-- [ RunTime:0.015600s ]
INFO: [ view_filter ] --START--
INFO: Run Behavior\WriteHtmlCacheBehavior [ RunTime:0.000000s ]
INFO: [ view_filter ] --END-- [ RunTime:0.000000s ]
INFO: [ app_end ] --START--
INFO: Run Behavior\ShowPageTraceBehavior [ RunTime:0.001000s ]
INFO: [ app_end ] --END-- [ RunTime:0.001000s ]

[ 2015-09-29T00:32:18+08:00 ] 127.0.0.1 /pay/index.php/Home/Recharge/gethistRecharge?userid=1
INFO: rows:10 page:1 userid=1
[ 2015-09-29T00:32:18+08:00 ] 127.0.0.1 /pay/index.php/Home/Recharge/gethistRecharge?userid=1
INFO: [ app_init ] --START--
INFO: Run Behavior\BuildLiteBehavior [ RunTime:0.000000s ]
INFO: [ app_init ] --END-- [ RunTime:0.000000s ]
INFO: [ app_begin ] --START--
INFO: Run Behavior\ReadHtmlCacheBehavior [ RunTime:0.000000s ]
INFO: [ app_begin ] --END-- [ RunTime:0.000000s ]
NOTIC: [2048] Declaration of Home\Controller\RechargeController::redirect() should be compatible with Think\Controller::redirect($url, $params = Array, $delay = 0, $msg = '') F:\xm\www\pay\Application\Home\Controller\RechargeController.class.php 第 282 行.

[ 2015-09-29T00:32:18+08:00 ] 127.0.0.1 /pay/index.php/Home/Recharge/gethistRecharge?userid=1
SQL: SHOW COLUMNS FROM `tbl_recharge` [ RunTime:0.0060s ]
SQL: SELECT COUNT(*) AS tp_count FROM `tbl_recharge` WHERE ( userid=1 ) LIMIT 1   [ RunTime:0.0000s ]
SQL: SELECT * FROM `tbl_recharge` WHERE ( userid=1 ) LIMIT 0,1   [ RunTime:0.0000s ]

[ 2015-09-29T00:32:43+08:00 ] 127.0.0.1 /pay/index.php/Home/Recharge/HistRecharge?userid=1
INFO: [ app_init ] --START--
INFO: Run Behavior\BuildLiteBehavior [ RunTime:0.000000s ]
INFO: [ app_init ] --END-- [ RunTime:0.000000s ]
INFO: [ app_begin ] --START--
INFO: Run Behavior\ReadHtmlCacheBehavior [ RunTime:0.001000s ]
INFO: [ app_begin ] --END-- [ RunTime:0.001000s ]
NOTIC: [2048] Declaration of Home\Controller\RechargeController::redirect() should be compatible with Think\Controller::redirect($url, $params = Array, $delay = 0, $msg = '') F:\xm\www\pay\Application\Home\Controller\RechargeController.class.php 第 282 行.
INFO: [ view_parse ] --START--
INFO: [ template_filter ] --START--
INFO: Run Behavior\ContentReplaceBehavior [ RunTime:0.000000s ]
INFO: [ template_filter ] --END-- [ RunTime:0.000000s ]
INFO: Run Behavior\ParseTemplateBehavior [ RunTime:0.005000s ]
INFO: [ view_parse ] --END-- [ RunTime:0.005000s ]
INFO: [ view_filter ] --START--
INFO: Run Behavior\WriteHtmlCacheBehavior [ RunTime:0.001000s ]
INFO: [ view_filter ] --END-- [ RunTime:0.001000s ]
INFO: [ app_end ] --START--
INFO: Run Behavior\ShowPageTraceBehavior [ RunTime:0.000000s ]
INFO: [ app_end ] --END-- [ RunTime:0.000000s ]

[ 2015-09-29T00:32:53+08:00 ] 127.0.0.1 /pay/index.php/Home/Recharge/gethistRecharge?userid=1
INFO: rows:10 page:1 userid=1
[ 2015-09-29T00:32:53+08:00 ] 127.0.0.1 /pay/index.php/Home/Recharge/gethistRecharge?userid=1
INFO: [ app_init ] --START--
INFO: Run Behavior\BuildLiteBehavior [ RunTime:0.000000s ]
INFO: [ app_init ] --END-- [ RunTime:0.000000s ]
INFO: [ app_begin ] --START--
INFO: Run Behavior\ReadHtmlCacheBehavior [ RunTime:0.000000s ]
INFO: [ app_begin ] --END-- [ RunTime:0.001000s ]
NOTIC: [2048] Declaration of Home\Controller\RechargeController::redirect() should be compatible with Think\Controller::redirect($url, $params = Array, $delay = 0, $msg = '') F:\xm\www\pay\Application\Home\Controller\RechargeController.class.php 第 282 行.

[ 2015-09-29T00:32:53+08:00 ] 127.0.0.1 /pay/index.php/Home/Recharge/gethistRecharge?userid=1
SQL: SHOW COLUMNS FROM `tbl_recharge` [ RunTime:0.0040s ]
SQL: SELECT COUNT(*) AS tp_count FROM `tbl_recharge` WHERE ( userid=1 ) LIMIT 1   [ RunTime:0.0000s ]
SQL: SELECT * FROM `tbl_recharge` WHERE ( userid=1 ) LIMIT 0,1   [ RunTime:0.0010s ]

[ 2015-09-29T00:35:20+08:00 ] 127.0.0.1 /pay/index.php/Home/Recharge/HistRecharge?userid=1
INFO: [ app_init ] --START--
INFO: Run Behavior\BuildLiteBehavior [ RunTime:0.000000s ]
INFO: [ app_init ] --END-- [ RunTime:0.000000s ]
INFO: [ app_begin ] --START--
INFO: Run Behavior\ReadHtmlCacheBehavior [ RunTime:0.000000s ]
INFO: [ app_begin ] --END-- [ RunTime:0.000000s ]
NOTIC: [2048] Declaration of Home\Controller\RechargeController::redirect() should be compatible with Think\Controller::redirect($url, $params = Array, $delay = 0, $msg = '') F:\xm\www\pay\Application\Home\Controller\RechargeController.class.php 第 282 行.
INFO: [ view_parse ] --START--
INFO: [ template_filter ] --START--
INFO: Run Behavior\ContentReplaceBehavior [ RunTime:0.000000s ]
INFO: [ template_filter ] --END-- [ RunTime:0.000000s ]
INFO: Run Behavior\ParseTemplateBehavior [ RunTime:0.005000s ]
INFO: [ view_parse ] --END-- [ RunTime:0.006000s ]
INFO: [ view_filter ] --START--
INFO: Run Behavior\WriteHtmlCacheBehavior [ RunTime:0.000000s ]
INFO: [ view_filter ] --END-- [ RunTime:0.000000s ]
INFO: [ app_end ] --START--
INFO: Run Behavior\ShowPageTraceBehavior [ RunTime:0.000000s ]
INFO: [ app_end ] --END-- [ RunTime:0.000000s ]

[ 2015-09-29T00:35:33+08:00 ] 127.0.0.1 /pay/index.php/Home/Recharge/gethistRecharge?userid=1
INFO: rows:10 page:1 userid=1
[ 2015-09-29T00:35:33+08:00 ] 127.0.0.1 /pay/index.php/Home/Recharge/gethistRecharge?userid=1
INFO: [ app_init ] --START--
INFO: Run Behavior\BuildLiteBehavior [ RunTime:0.000000s ]
INFO: [ app_init ] --END-- [ RunTime:0.000000s ]
INFO: [ app_begin ] --START--
INFO: Run Behavior\ReadHtmlCacheBehavior [ RunTime:0.001000s ]
INFO: [ app_begin ] --END-- [ RunTime:0.001000s ]
NOTIC: [2048] Declaration of Home\Controller\RechargeController::redirect() should be compatible with Think\Controller::redirect($url, $params = Array, $delay = 0, $msg = '') F:\xm\www\pay\Application\Home\Controller\RechargeController.class.php 第 282 行.

[ 2015-09-29T00:35:33+08:00 ] 127.0.0.1 /pay/index.php/Home/Recharge/gethistRecharge?userid=1
SQL: SHOW COLUMNS FROM `tbl_recharge` [ RunTime:0.0050s ]
SQL: SELECT COUNT(*) AS tp_count FROM `tbl_recharge` WHERE ( userid=1 ) LIMIT 1   [ RunTime:0.0000s ]
SQL: SELECT * FROM `tbl_recharge` WHERE ( userid=1 ) LIMIT 0,1   [ RunTime:0.0010s ]

[ 2015-09-29T00:40:06+08:00 ] 127.0.0.1 /pay/index.php/Home/Recharge/HistRecharge?userid=1
INFO: [ app_init ] --START--
INFO: Run Behavior\BuildLiteBehavior [ RunTime:0.000000s ]
INFO: [ app_init ] --END-- [ RunTime:0.000000s ]
INFO: [ app_begin ] --START--
INFO: Run Behavior\ReadHtmlCacheBehavior [ RunTime:0.000000s ]
INFO: [ app_begin ] --END-- [ RunTime:0.000000s ]
NOTIC: [2048] Declaration of Home\Controller\RechargeController::redirect() should be compatible with Think\Controller::redirect($url, $params = Array, $delay = 0, $msg = '') F:\xm\www\pay\Application\Home\Controller\RechargeController.class.php 第 282 行.
INFO: [ view_parse ] --START--
INFO: [ template_filter ] --START--
INFO: Run Behavior\ContentReplaceBehavior [ RunTime:0.000000s ]
INFO: [ template_filter ] --END-- [ RunTime:0.000000s ]
INFO: Run Behavior\ParseTemplateBehavior [ RunTime:0.005000s ]
INFO: [ view_parse ] --END-- [ RunTime:0.005000s ]
INFO: [ view_filter ] --START--
INFO: Run Behavior\WriteHtmlCacheBehavior [ RunTime:0.000000s ]
INFO: [ view_filter ] --END-- [ RunTime:0.000000s ]
INFO: [ app_end ] --START--
INFO: Run Behavior\ShowPageTraceBehavior [ RunTime:0.001000s ]
INFO: [ app_end ] --END-- [ RunTime:0.001000s ]

[ 2015-09-29T00:40:07+08:00 ] 127.0.0.1 /pay/index.php/Home/Recharge/gethistRecharge?userid=1
INFO: rows:10 page:1 userid=1
[ 2015-09-29T00:40:07+08:00 ] 127.0.0.1 /pay/index.php/Home/Recharge/gethistRecharge?userid=1
INFO: [ app_init ] --START--
INFO: Run Behavior\BuildLiteBehavior [ RunTime:0.000000s ]
INFO: [ app_init ] --END-- [ RunTime:0.000000s ]
INFO: [ app_begin ] --START--
INFO: Run Behavior\ReadHtmlCacheBehavior [ RunTime:0.001000s ]
INFO: [ app_begin ] --END-- [ RunTime:0.001000s ]
NOTIC: [2048] Declaration of Home\Controller\RechargeController::redirect() should be compatible with Think\Controller::redirect($url, $params = Array, $delay = 0, $msg = '') F:\xm\www\pay\Application\Home\Controller\RechargeController.class.php 第 282 行.

[ 2015-09-29T00:40:07+08:00 ] 127.0.0.1 /pay/index.php/Home/Recharge/gethistRecharge?userid=1
SQL: SHOW COLUMNS FROM `tbl_recharge` [ RunTime:0.0060s ]
SQL: SELECT COUNT(*) AS tp_count FROM `tbl_recharge` WHERE ( userid=1 ) LIMIT 1   [ RunTime:0.0010s ]
SQL: SELECT * FROM `tbl_recharge` WHERE ( userid=1 ) LIMIT 0,1   [ RunTime:0.0000s ]

[ 2015-09-29T00:40:47+08:00 ] 127.0.0.1 /pay/index.php/Home/Recharge/HistRecharge?userid=1
INFO: [ app_init ] --START--
INFO: Run Behavior\BuildLiteBehavior [ RunTime:0.000000s ]
INFO: [ app_init ] --END-- [ RunTime:0.000000s ]
INFO: [ app_begin ] --START--
INFO: Run Behavior\ReadHtmlCacheBehavior [ RunTime:0.001000s ]
INFO: [ app_begin ] --END-- [ RunTime:0.001000s ]
NOTIC: [2048] Declaration of Home\Controller\RechargeController::redirect() should be compatible with Think\Controller::redirect($url, $params = Array, $delay = 0, $msg = '') F:\xm\www\pay\Application\Home\Controller\RechargeController.class.php 第 282 行.
INFO: [ view_parse ] --START--
INFO: [ template_filter ] --START--
INFO: Run Behavior\ContentReplaceBehavior [ RunTime:0.000000s ]
INFO: [ template_filter ] --END-- [ RunTime:0.000000s ]
INFO: Run Behavior\ParseTemplateBehavior [ RunTime:0.008001s ]
INFO: [ view_parse ] --END-- [ RunTime:0.008001s ]
INFO: [ view_filter ] --START--
INFO: Run Behavior\WriteHtmlCacheBehavior [ RunTime:0.000000s ]
INFO: [ view_filter ] --END-- [ RunTime:0.000000s ]
INFO: [ app_end ] --START--
INFO: Run Behavior\ShowPageTraceBehavior [ RunTime:0.001000s ]
INFO: [ app_end ] --END-- [ RunTime:0.001000s ]

[ 2015-09-29T00:40:48+08:00 ] 127.0.0.1 /pay/index.php/Home/Recharge/gethistRecharge?userid=1
INFO: rows:10 page:1 userid=1
[ 2015-09-29T00:40:48+08:00 ] 127.0.0.1 /pay/index.php/Home/Recharge/gethistRecharge?userid=1
INFO: [ app_init ] --START--
INFO: Run Behavior\BuildLiteBehavior [ RunTime:0.000000s ]
INFO: [ app_init ] --END-- [ RunTime:0.000000s ]
INFO: [ app_begin ] --START--
INFO: Run Behavior\ReadHtmlCacheBehavior [ RunTime:0.001000s ]
INFO: [ app_begin ] --END-- [ RunTime:0.001000s ]
NOTIC: [2048] Declaration of Home\Controller\RechargeController::redirect() should be compatible with Think\Controller::redirect($url, $params = Array, $delay = 0, $msg = '') F:\xm\www\pay\Application\Home\Controller\RechargeController.class.php 第 282 行.

[ 2015-09-29T00:40:48+08:00 ] 127.0.0.1 /pay/index.php/Home/Recharge/gethistRecharge?userid=1
SQL: SHOW COLUMNS FROM `tbl_recharge` [ RunTime:0.0040s ]
SQL: SELECT COUNT(*) AS tp_count FROM `tbl_recharge` WHERE ( userid=1 ) LIMIT 1   [ RunTime:0.0010s ]
SQL: SELECT * FROM `tbl_recharge` WHERE ( userid=1 ) LIMIT 0,1   [ RunTime:0.0000s ]

[ 2015-09-29T00:41:01+08:00 ] 127.0.0.1 /pay/index.php/Home/Recharge/index?userid=1
INFO: [ app_init ] --START--
INFO: Run Behavior\BuildLiteBehavior [ RunTime:0.000000s ]
INFO: [ app_init ] --END-- [ RunTime:0.000000s ]
INFO: [ app_begin ] --START--
INFO: Run Behavior\ReadHtmlCacheBehavior [ RunTime:0.001001s ]
INFO: [ app_begin ] --END-- [ RunTime:0.001001s ]
NOTIC: [2048] Declaration of Home\Controller\RechargeController::redirect() should be compatible with Think\Controller::redirect($url, $params = Array, $delay = 0, $msg = '') F:\xm\www\pay\Application\Home\Controller\RechargeController.class.php 第 282 行.
SQL: SHOW COLUMNS FROM `tbl_user` [ RunTime:0.0040s ]
SQL: SELECT * FROM `tbl_user` WHERE ( userid="1" ) LIMIT 1   [ RunTime:0.0000s ]
SQL: SHOW COLUMNS FROM `tbl_company` [ RunTime:0.0040s ]
SQL: SELECT * FROM `tbl_company` LIMIT 1   [ RunTime:0.0010s ]
INFO: [ view_parse ] --START--
INFO: [ template_filter ] --START--
INFO: Run Behavior\ContentReplaceBehavior [ RunTime:0.000000s ]
INFO: [ template_filter ] --END-- [ RunTime:0.000000s ]
INFO: Run Behavior\ParseTemplateBehavior [ RunTime:0.006001s ]
INFO: [ view_parse ] --END-- [ RunTime:0.006001s ]
INFO: [ view_filter ] --START--
INFO: Run Behavior\WriteHtmlCacheBehavior [ RunTime:0.000000s ]
INFO: [ view_filter ] --END-- [ RunTime:0.000000s ]
INFO: [ app_end ] --START--
INFO: Run Behavior\ShowPageTraceBehavior [ RunTime:0.001000s ]
INFO: [ app_end ] --END-- [ RunTime:0.001000s ]

[ 2015-09-29T00:41:03+08:00 ] 127.0.0.1 /pay/index.php/Home/Recharge/HistRecharge?userid=1
INFO: [ app_init ] --START--
INFO: Run Behavior\BuildLiteBehavior [ RunTime:0.000000s ]
INFO: [ app_init ] --END-- [ RunTime:0.000000s ]
INFO: [ app_begin ] --START--
INFO: Run Behavior\ReadHtmlCacheBehavior [ RunTime:0.000000s ]
INFO: [ app_begin ] --END-- [ RunTime:0.000000s ]
NOTIC: [2048] Declaration of Home\Controller\RechargeController::redirect() should be compatible with Think\Controller::redirect($url, $params = Array, $delay = 0, $msg = '') F:\xm\www\pay\Application\Home\Controller\RechargeController.class.php 第 282 行.
INFO: [ view_parse ] --START--
INFO: [ template_filter ] --START--
INFO: Run Behavior\ContentReplaceBehavior [ RunTime:0.000000s ]
INFO: [ template_filter ] --END-- [ RunTime:0.000000s ]
INFO: Run Behavior\ParseTemplateBehavior [ RunTime:0.005000s ]
INFO: [ view_parse ] --END-- [ RunTime:0.005000s ]
INFO: [ view_filter ] --START--
INFO: Run Behavior\WriteHtmlCacheBehavior [ RunTime:0.000000s ]
INFO: [ view_filter ] --END-- [ RunTime:0.000000s ]
INFO: [ app_end ] --START--
INFO: Run Behavior\ShowPageTraceBehavior [ RunTime:0.001000s ]
INFO: [ app_end ] --END-- [ RunTime:0.001000s ]

[ 2015-09-29T00:41:04+08:00 ] 127.0.0.1 /pay/index.php/Home/Recharge/gethistRecharge?userid=1
INFO: rows:10 page:1 userid=1
[ 2015-09-29T00:41:04+08:00 ] 127.0.0.1 /pay/index.php/Home/Recharge/gethistRecharge?userid=1
INFO: [ app_init ] --START--
INFO: Run Behavior\BuildLiteBehavior [ RunTime:0.000000s ]
INFO: [ app_init ] --END-- [ RunTime:0.000000s ]
INFO: [ app_begin ] --START--
INFO: Run Behavior\ReadHtmlCacheBehavior [ RunTime:0.001000s ]
INFO: [ app_begin ] --END-- [ RunTime:0.001000s ]
NOTIC: [2048] Declaration of Home\Controller\RechargeController::redirect() should be compatible with Think\Controller::redirect($url, $params = Array, $delay = 0, $msg = '') F:\xm\www\pay\Application\Home\Controller\RechargeController.class.php 第 282 行.

[ 2015-09-29T00:41:04+08:00 ] 127.0.0.1 /pay/index.php/Home/Recharge/gethistRecharge?userid=1
SQL: SHOW COLUMNS FROM `tbl_recharge` [ RunTime:0.0040s ]
SQL: SELECT COUNT(*) AS tp_count FROM `tbl_recharge` WHERE ( userid=1 ) LIMIT 1   [ RunTime:0.0000s ]
SQL: SELECT * FROM `tbl_recharge` WHERE ( userid=1 ) LIMIT 0,1   [ RunTime:0.0000s ]

[ 2015-09-29T00:42:18+08:00 ] 127.0.0.1 /pay/index.php/Home/Recharge/index?userid=1
INFO: [ app_init ] --START--
INFO: Run Behavior\BuildLiteBehavior [ RunTime:0.000000s ]
INFO: [ app_init ] --END-- [ RunTime:0.000000s ]
INFO: [ app_begin ] --START--
INFO: Run Behavior\ReadHtmlCacheBehavior [ RunTime:0.001000s ]
INFO: [ app_begin ] --END-- [ RunTime:0.001000s ]
NOTIC: [2048] Declaration of Home\Controller\RechargeController::redirect() should be compatible with Think\Controller::redirect($url, $params = Array, $delay = 0, $msg = '') F:\xm\www\pay\Application\Home\Controller\RechargeController.class.php 第 282 行.
SQL: SHOW COLUMNS FROM `tbl_user` [ RunTime:0.0030s ]
SQL: SELECT * FROM `tbl_user` WHERE ( userid="1" ) LIMIT 1   [ RunTime:0.0000s ]
SQL: SHOW COLUMNS FROM `tbl_company` [ RunTime:0.0030s ]
SQL: SELECT * FROM `tbl_company` LIMIT 1   [ RunTime:0.0000s ]
INFO: [ view_parse ] --START--
INFO: [ template_filter ] --START--
INFO: Run Behavior\ContentReplaceBehavior [ RunTime:0.000000s ]
INFO: [ template_filter ] --END-- [ RunTime:0.000000s ]
INFO: Run Behavior\ParseTemplateBehavior [ RunTime:0.006001s ]
INFO: [ view_parse ] --END-- [ RunTime:0.006001s ]
INFO: [ view_filter ] --START--
INFO: Run Behavior\WriteHtmlCacheBehavior [ RunTime:0.000000s ]
INFO: [ view_filter ] --END-- [ RunTime:0.000000s ]
INFO: [ app_end ] --START--
INFO: Run Behavior\ShowPageTraceBehavior [ RunTime:0.001000s ]
INFO: [ app_end ] --END-- [ RunTime:0.001000s ]

[ 2015-09-29T00:44:08+08:00 ] 127.0.0.1 /pay/index.php/Home/Recharge/index?userid=1
INFO: [ app_init ] --START--
INFO: Run Behavior\BuildLiteBehavior [ RunTime:0.000000s ]
INFO: [ app_init ] --END-- [ RunTime:0.000000s ]
INFO: [ app_begin ] --START--
INFO: Run Behavior\ReadHtmlCacheBehavior [ RunTime:0.001000s ]
INFO: [ app_begin ] --END-- [ RunTime:0.001000s ]
NOTIC: [2048] Declaration of Home\Controller\RechargeController::redirect() should be compatible with Think\Controller::redirect($url, $params = Array, $delay = 0, $msg = '') F:\xm\www\pay\Application\Home\Controller\RechargeController.class.php 第 282 行.
SQL: SHOW COLUMNS FROM `tbl_user` [ RunTime:0.0030s ]
SQL: SELECT * FROM `tbl_user` WHERE ( userid="1" ) LIMIT 1   [ RunTime:0.0010s ]
SQL: SHOW COLUMNS FROM `tbl_company` [ RunTime:0.0030s ]
SQL: SELECT * FROM `tbl_company` LIMIT 1   [ RunTime:0.0000s ]
INFO: [ view_parse ] --START--
INFO: [ template_filter ] --START--
INFO: Run Behavior\ContentReplaceBehavior [ RunTime:0.000000s ]
INFO: [ template_filter ] --END-- [ RunTime:0.000000s ]
INFO: Run Behavior\ParseTemplateBehavior [ RunTime:0.006000s ]
INFO: [ view_parse ] --END-- [ RunTime:0.006000s ]
INFO: [ view_filter ] --START--
INFO: Run Behavior\WriteHtmlCacheBehavior [ RunTime:0.000000s ]
INFO: [ view_filter ] --END-- [ RunTime:0.000000s ]
INFO: [ app_end ] --START--
INFO: Run Behavior\ShowPageTraceBehavior [ RunTime:0.001000s ]
INFO: [ app_end ] --END-- [ RunTime:0.001000s ]

[ 2015-09-29T00:44:10+08:00 ] 127.0.0.1 /pay/index.php/Home/Recharge/HistRecharge?userid=1
INFO: [ app_init ] --START--
INFO: Run Behavior\BuildLiteBehavior [ RunTime:0.000000s ]
INFO: [ app_init ] --END-- [ RunTime:0.000000s ]
INFO: [ app_begin ] --START--
INFO: Run Behavior\ReadHtmlCacheBehavior [ RunTime:0.001000s ]
INFO: [ app_begin ] --END-- [ RunTime:0.001000s ]
NOTIC: [2048] Declaration of Home\Controller\RechargeController::redirect() should be compatible with Think\Controller::redirect($url, $params = Array, $delay = 0, $msg = '') F:\xm\www\pay\Application\Home\Controller\RechargeController.class.php 第 282 行.
INFO: [ view_parse ] --START--
INFO: [ template_filter ] --START--
INFO: Run Behavior\ContentReplaceBehavior [ RunTime:0.000000s ]
INFO: [ template_filter ] --END-- [ RunTime:0.000000s ]
INFO: Run Behavior\ParseTemplateBehavior [ RunTime:0.006000s ]
INFO: [ view_parse ] --END-- [ RunTime:0.006000s ]
INFO: [ view_filter ] --START--
INFO: Run Behavior\WriteHtmlCacheBehavior [ RunTime:0.000000s ]
INFO: [ view_filter ] --END-- [ RunTime:0.000000s ]
INFO: [ app_end ] --START--
INFO: Run Behavior\ShowPageTraceBehavior [ RunTime:0.001000s ]
INFO: [ app_end ] --END-- [ RunTime:0.001000s ]

[ 2015-09-29T00:44:11+08:00 ] 127.0.0.1 /pay/index.php/Home/Recharge/gethistRecharge?userid=1
INFO: rows:10 page:1 userid=1
[ 2015-09-29T00:44:11+08:00 ] 127.0.0.1 /pay/index.php/Home/Recharge/gethistRecharge?userid=1
INFO: [ app_init ] --START--
INFO: Run Behavior\BuildLiteBehavior [ RunTime:0.000000s ]
INFO: [ app_init ] --END-- [ RunTime:0.000000s ]
INFO: [ app_begin ] --START--
INFO: Run Behavior\ReadHtmlCacheBehavior [ RunTime:0.001000s ]
INFO: [ app_begin ] --END-- [ RunTime:0.001000s ]
NOTIC: [2048] Declaration of Home\Controller\RechargeController::redirect() should be compatible with Think\Controller::redirect($url, $params = Array, $delay = 0, $msg = '') F:\xm\www\pay\Application\Home\Controller\RechargeController.class.php 第 282 行.

[ 2015-09-29T00:44:11+08:00 ] 127.0.0.1 /pay/index.php/Home/Recharge/gethistRecharge?userid=1
SQL: SHOW COLUMNS FROM `tbl_recharge` [ RunTime:0.0040s ]
SQL: SELECT COUNT(*) AS tp_count FROM `tbl_recharge` WHERE ( userid=1 ) LIMIT 1   [ RunTime:0.0000s ]
SQL: SELECT * FROM `tbl_recharge` WHERE ( userid=1 ) LIMIT 0,1   [ RunTime:0.0000s ]

[ 2015-09-29T00:44:13+08:00 ] 127.0.0.1 /pay/index.php/Home/Recharge/index?userid=1
INFO: [ app_init ] --START--
INFO: Run Behavior\BuildLiteBehavior [ RunTime:0.000000s ]
INFO: [ app_init ] --END-- [ RunTime:0.000000s ]
INFO: [ app_begin ] --START--
INFO: Run Behavior\ReadHtmlCacheBehavior [ RunTime:0.000000s ]
INFO: [ app_begin ] --END-- [ RunTime:0.001000s ]
NOTIC: [2048] Declaration of Home\Controller\RechargeController::redirect() should be compatible with Think\Controller::redirect($url, $params = Array, $delay = 0, $msg = '') F:\xm\www\pay\Application\Home\Controller\RechargeController.class.php 第 282 行.
SQL: SHOW COLUMNS FROM `tbl_user` [ RunTime:0.0050s ]
SQL: SELECT * FROM `tbl_user` WHERE ( userid="1" ) LIMIT 1   [ RunTime:0.0000s ]
SQL: SHOW COLUMNS FROM `tbl_company` [ RunTime:0.0040s ]
SQL: SELECT * FROM `tbl_company` LIMIT 1   [ RunTime:0.0000s ]
INFO: [ view_parse ] --START--
INFO: [ template_filter ] --START--
INFO: Run Behavior\ContentReplaceBehavior [ RunTime:0.000000s ]
INFO: [ template_filter ] --END-- [ RunTime:0.000000s ]
INFO: Run Behavior\ParseTemplateBehavior [ RunTime:0.007000s ]
INFO: [ view_parse ] --END-- [ RunTime:0.007000s ]
INFO: [ view_filter ] --START--
INFO: Run Behavior\WriteHtmlCacheBehavior [ RunTime:0.000000s ]
INFO: [ view_filter ] --END-- [ RunTime:0.000000s ]
INFO: [ app_end ] --START--
INFO: Run Behavior\ShowPageTraceBehavior [ RunTime:0.001000s ]
INFO: [ app_end ] --END-- [ RunTime:0.001000s ]

[ 2015-09-29T00:48:09+08:00 ] 127.0.0.1 /pay/index.php/Home/Recharge/index?userid=1
INFO: [ app_init ] --START--
INFO: Run Behavior\BuildLiteBehavior [ RunTime:0.000000s ]
INFO: [ app_init ] --END-- [ RunTime:0.001000s ]
INFO: [ app_begin ] --START--
INFO: Run Behavior\ReadHtmlCacheBehavior [ RunTime:0.000000s ]
INFO: [ app_begin ] --END-- [ RunTime:0.000000s ]
NOTIC: [2048] Declaration of Home\Controller\RechargeController::redirect() should be compatible with Think\Controller::redirect($url, $params = Array, $delay = 0, $msg = '') F:\xm\www\pay\Application\Home\Controller\RechargeController.class.php 第 282 行.
SQL: SHOW COLUMNS FROM `tbl_user` [ RunTime:0.0050s ]
SQL: SELECT * FROM `tbl_user` WHERE ( userid="1" ) LIMIT 1   [ RunTime:0.0010s ]
SQL: SHOW COLUMNS FROM `tbl_company` [ RunTime:0.0040s ]
SQL: SELECT * FROM `tbl_company` LIMIT 1   [ RunTime:0.0000s ]
INFO: [ view_parse ] --START--
INFO: [ template_filter ] --START--
INFO: Run Behavior\ContentReplaceBehavior [ RunTime:0.000000s ]
INFO: [ template_filter ] --END-- [ RunTime:0.000000s ]
INFO: Run Behavior\ParseTemplateBehavior [ RunTime:0.007001s ]
INFO: [ view_parse ] --END-- [ RunTime:0.007001s ]
INFO: [ view_filter ] --START--
INFO: Run Behavior\WriteHtmlCacheBehavior [ RunTime:0.000000s ]
INFO: [ view_filter ] --END-- [ RunTime:0.000000s ]
INFO: [ app_end ] --START--
INFO: Run Behavior\ShowPageTraceBehavior [ RunTime:0.001000s ]
INFO: [ app_end ] --END-- [ RunTime:0.001000s ]

